<?xml version="1.0" encoding="UTF-8"?>
<testsuite xmlns:xsi="http://www.w3.org/2001/XMLSchema-instance" xsi:noNamespaceSchemaLocation="https://maven.apache.org/surefire/maven-surefire-plugin/xsd/surefire-test-report.xsd" version="3.0.2" name="TestSuite" time="20.686" tests="3" errors="0" skipped="0" failures="0">
  <properties>
[...]
</properties>
  <testcase name="accountRegister" classname="testCases.TC_AccountRegistrationTest" time="2.945">
    <system-out><![CDATA[2025-05-29T20:10:40.022059100Z TestNG-tests-3 DEBUG Apache Log4j Core 2.24 initializing configuration XmlConfiguration[location=C:\Users\hp\eclipse-workspace\Framework1\target\test-classes\log4j2.xml, lastModified=2025-05-22T20:47:59.878Z]
2025-05-29T20:10:40.027311300Z TestNG-tests-3 DEBUG PluginManager 'Core' found 131 plugins
2025-05-29T20:10:40.028700200Z TestNG-tests-3 DEBUG PluginManager 'Level' found 0 plugins
2025-05-29T20:10:40.037847Z TestNG-tests-3 DEBUG Building Plugin[name=Property, class=org.apache.logging.log4j.core.config.Property].
2025-05-29T20:10:40.064901200Z TestNG-tests-3 TRACE TypeConverterRegistry initializing.
2025-05-29T20:10:40.065899600Z TestNG-tests-3 DEBUG PluginManager 'TypeConverter' found 26 plugins
2025-05-29T20:10:40.075207500Z TestNG-tests-3 DEBUG createProperty(name="logPath", value="logs/", Configuration(C:\Users\hp\eclipse-workspace\Framework1\target\test-classes\log4j2.xml))
2025-05-29T20:10:40.076047700Z TestNG-tests-3 DEBUG Building Plugin[name=Properties, class=org.apache.logging.log4j.core.config.PropertiesPlugin].
2025-05-29T20:10:40.079958300Z TestNG-tests-3 DEBUG configureSubstitutor(={logPath=logs/}, Configuration(C:\Users\hp\eclipse-workspace\Framework1\target\test-classes\log4j2.xml))
2025-05-29T20:10:40.083607500Z TestNG-tests-3 DEBUG PluginManager 'Lookup' found 16 plugins
2025-05-29T20:10:40.084108600Z TestNG-tests-3 DEBUG Building Plugin[name=layout, class=org.apache.logging.log4j.core.layout.PatternLayout].
2025-05-29T20:10:40.092772800Z TestNG-tests-3 DEBUG PatternLayout$Builder(pattern="%d{HH:mm:ss.SSS} [%t] %-5level %logger{36} - %msg%n", PatternSelector=null, Configuration(C:\Users\hp\eclipse-workspace\Framework1\target\test-classes\log4j2.xml), Replace=null, charset="null", alwaysWriteExceptions="null", disableAnsi="null", noConsoleNoAnsi="null", header="null", footer="null")
2025-05-29T20:10:40.092772800Z TestNG-tests-3 DEBUG PluginManager 'Converter' found 45 plugins
2025-05-29T20:10:40.093763200Z TestNG-tests-3 DEBUG Building Plugin[name=appender, class=org.apache.logging.log4j.core.appender.ConsoleAppender].
2025-05-29T20:10:40.101764200Z TestNG-tests-3 DEBUG ConsoleAppender$Builder(target="SYSTEM_OUT", follow="null", direct="null", bufferedIo="null", bufferSize="null", immediateFlush="null", ignoreExceptions="null", PatternLayout(%d{HH:mm:ss.SSS} [%t] %-5level %logger{36} - %msg%n), name="Console", Configuration(C:\Users\hp\eclipse-workspace\Framework1\target\test-classes\log4j2.xml), Filter=null, ={})
2025-05-29T20:10:40.104763Z TestNG-tests-3 DEBUG Starting OutputStreamManager SYSTEM_OUT.false.false
2025-05-29T20:10:40.104763Z TestNG-tests-3 DEBUG Building Plugin[name=layout, class=org.apache.logging.log4j.core.layout.PatternLayout].
2025-05-29T20:10:40.105763600Z TestNG-tests-3 DEBUG PatternLayout$Builder(pattern="%d{yyyy-MM-dd HH:mm:ss.SSS} [%t] %-5level %logger{36} - %msg%n", PatternSelector=null, Configuration(C:\Users\hp\eclipse-workspace\Framework1\target\test-classes\log4j2.xml), Replace=null, charset="null", alwaysWriteExceptions="null", disableAnsi="null", noConsoleNoAnsi="null", header="null", footer="null")
2025-05-29T20:10:40.115447600Z TestNG-tests-3 DEBUG Building Plugin[name=SizeBasedTriggeringPolicy, class=org.apache.logging.log4j.core.appender.rolling.SizeBasedTriggeringPolicy].
2025-05-29T20:10:40.121048200Z TestNG-tests-3 DEBUG createPolicy(size="10MB")
2025-05-29T20:10:40.125875300Z TestNG-tests-3 DEBUG Building Plugin[name=Policies, class=org.apache.logging.log4j.core.appender.rolling.CompositeTriggeringPolicy].
2025-05-29T20:10:40.126874Z TestNG-tests-3 DEBUG createPolicy(={SizeBasedTriggeringPolicy(size=10485760)})
2025-05-29T20:10:40.127877400Z TestNG-tests-3 DEBUG Building Plugin[name=appender, class=org.apache.logging.log4j.core.appender.RollingFileAppender].
2025-05-29T20:10:40.138874600Z TestNG-tests-3 DEBUG RollingFileAppender$Builder(fileName="logs/application.log", filePattern="logs/application-%d{yyyy-MM-dd}.log.gz", append="null", locking="null", Policies(CompositeTriggeringPolicy(policies=[SizeBasedTriggeringPolicy(size=10485760)])), Strategy=null, advertise="null", advertiseUri="null", createOnDemand="null", filePermissions="null", fileOwner="null", fileGroup="null", bufferedIo="null", bufferSize="null", immediateFlush="null", ignoreExceptions="null", PatternLayout(%d{yyyy-MM-dd HH:mm:ss.SSS} [%t] %-5level %logger{36} - %msg%n), name="FileLogger", Configuration(C:\Users\hp\eclipse-workspace\Framework1\target\test-classes\log4j2.xml), Filter=null, ={})
2025-05-29T20:10:40.152876900Z TestNG-tests-3 TRACE New file 'logs/application.log' created = false
2025-05-29T20:10:40.153878700Z TestNG-tests-3 DEBUG Returning file creation time for C:\Users\hp\eclipse-workspace\Framework1\logs\application.log
2025-05-29T20:10:40.154876200Z TestNG-tests-3 DEBUG Starting RollingFileManager logs/application.log
2025-05-29T20:10:40.156886700Z TestNG-tests-3 DEBUG PluginManager 'FileConverter' found 2 plugins
2025-05-29T20:10:40.223649600Z TestNG-tests-3 DEBUG Setting prev file time to 2025-05-23T02:18:16.729+0530
2025-05-29T20:10:40.224648700Z TestNG-tests-3 DEBUG Initializing triggering policy CompositeTriggeringPolicy(policies=[SizeBasedTriggeringPolicy(size=10485760)])
2025-05-29T20:10:40.225658600Z TestNG-tests-3 DEBUG Initializing triggering policy SizeBasedTriggeringPolicy(size=10485760)
2025-05-29T20:10:40.226181600Z TestNG-tests-3 DEBUG Building Plugin[name=Appenders, class=org.apache.logging.log4j.core.config.AppendersPlugin].
2025-05-29T20:10:40.227218700Z TestNG-tests-3 DEBUG createAppenders(={Console, FileLogger})
2025-05-29T20:10:40.228898400Z TestNG-tests-3 DEBUG Building Plugin[name=AppenderRef, class=org.apache.logging.log4j.core.config.AppenderRef].
2025-05-29T20:10:40.229909Z TestNG-tests-3 DEBUG createAppenderRef(ref="Console", level="null", Filter=null)
2025-05-29T20:10:40.234533300Z TestNG-tests-3 DEBUG Building Plugin[name=AppenderRef, class=org.apache.logging.log4j.core.config.AppenderRef].
2025-05-29T20:10:40.235532700Z TestNG-tests-3 DEBUG createAppenderRef(ref="FileLogger", level="null", Filter=null)
2025-05-29T20:10:40.236707500Z TestNG-tests-3 DEBUG Building Plugin[name=Root, class=org.apache.logging.log4j.core.config.LoggerConfig$RootLogger].
2025-05-29T20:10:40.245529300Z TestNG-tests-3 DEBUG LoggerConfig$RootLogger$Builder(additivity="null", level="DEBUG", levelAndRefs="null", includeLocation="null", ={Console, FileLogger}, ={}, Configuration(C:\Users\hp\eclipse-workspace\Framework1\target\test-classes\log4j2.xml), Filter=null)
2025-05-29T20:10:40.253784300Z TestNG-tests-3 DEBUG Building Plugin[name=Loggers, class=org.apache.logging.log4j.core.config.LoggersPlugin].
2025-05-29T20:10:40.255290100Z TestNG-tests-3 DEBUG createLoggers(={root})
2025-05-29T20:10:40.257204500Z TestNG-tests-3 DEBUG Configuration XmlConfiguration[location=C:\Users\hp\eclipse-workspace\Framework1\target\test-classes\log4j2.xml, lastModified=2025-05-22T20:47:59.878Z] initialized
2025-05-29T20:10:40.257204500Z TestNG-tests-3 INFO Starting configuration XmlConfiguration[location=C:\Users\hp\eclipse-workspace\Framework1\target\test-classes\log4j2.xml, lastModified=2025-05-22T20:47:59.878Z]...
2025-05-29T20:10:40.257947700Z TestNG-tests-3 INFO Start watching for changes to C:\Users\hp\eclipse-workspace\Framework1\target\test-classes\log4j2.xml every 0 seconds
2025-05-29T20:10:40.258454700Z TestNG-tests-3 INFO Configuration XmlConfiguration[location=C:\Users\hp\eclipse-workspace\Framework1\target\test-classes\log4j2.xml, lastModified=2025-05-22T20:47:59.878Z] started.
2025-05-29T20:10:40.263399900Z TestNG-tests-3 INFO Stopping configuration org.apache.logging.log4j.core.config.DefaultConfiguration@53c1193a...
2025-05-29T20:10:40.265909100Z TestNG-tests-3 TRACE DefaultConfiguration notified 1 ReliabilityStrategies that config will be stopped.
2025-05-29T20:10:40.266923300Z TestNG-tests-3 TRACE DefaultConfiguration stopping root LoggerConfig.
2025-05-29T20:10:40.266923300Z TestNG-tests-3 TRACE DefaultConfiguration notifying ReliabilityStrategies that appenders will be stopped.
2025-05-29T20:10:40.266923300Z TestNG-tests-3 TRACE DefaultConfiguration stopping remaining Appenders.
2025-05-29T20:10:40.267908600Z TestNG-tests-3 DEBUG Appender DefaultConsole-1 stopped with status true
2025-05-29T20:10:40.267908600Z TestNG-tests-3 TRACE DefaultConfiguration stopped 1 remaining Appenders.
2025-05-29T20:10:40.267908600Z TestNG-tests-3 TRACE DefaultConfiguration cleaning Appenders from 1 LoggerConfigs.
2025-05-29T20:10:40.269214400Z TestNG-tests-3 INFO Configuration org.apache.logging.log4j.core.config.DefaultConfiguration@53c1193a stopped.
2025-05-29T20:10:40.272257600Z TestNG-tests-3 TRACE Using default SystemClock for timestamps.
2025-05-29T20:10:40.272257600Z TestNG-tests-3 DEBUG org.apache.logging.log4j.core.util.SystemClock supports precise timestamps.
2025-05-29T20:10:40.272819Z TestNG-tests-3 TRACE Using DummyNanoClock for nanosecond timestamps.
2025-05-29T20:10:40.272819Z TestNG-tests-3 DEBUG Reconfiguration complete for context[name=c387f44] at URI C:\Users\hp\eclipse-workspace\Framework1\target\test-classes\log4j2.xml (org.apache.logging.log4j.core.LoggerContext@4172c8c9) with optional ClassLoader: null
2025-05-29T20:10:40.273486Z TestNG-tests-3 DEBUG Shutdown hook enabled. Registering a new one.
2025-05-29T20:10:40.276014300Z TestNG-tests-3 DEBUG LoggerContext[name=c387f44, org.apache.logging.log4j.core.LoggerContext@4172c8c9] started OK.
01:40:48.425 [TestNG-tests-1] DEBUG testCases.TC_AccountRegistrationTest - *********** logs started ****************
01:40:49.587 [TestNG-tests-2] DEBUG testCases.TC_AccountRegistrationTest - *********** logs started ****************
01:40:53.223 [TestNG-tests-3] DEBUG testCases.TC_AccountRegistrationTest - *********** logs started ****************
]]></system-out>
    <system-err><![CDATA[SLF4J: Failed to load class "org.slf4j.impl.StaticLoggerBinder".
SLF4J: Defaulting to no-operation (NOP) logger implementation
SLF4J: See http://www.slf4j.org/codes.html#StaticLoggerBinder for further details.
May 30, 2025 1:40:48 AM org.openqa.selenium.firefox.FirefoxDriver <init>
WARNING: CDP support for Firefox is deprecated and will be removed in future versions. Please switch to WebDriver BiDi.
]]></system-err>
  </testcase>
  <testcase name="accountRegister" classname="testCases.TC_AccountRegistrationTest" time="4.937"/>
  <testcase name="accountRegister" classname="testCases.TC_AccountRegistrationTest" time="5.335"/>
</testsuite>