<?xml version="1.0" encoding="UTF-8"?>
<testng-results ignored="0" total="3" passed="3" failed="0" skipped="0">
  <reporter-output>
  </reporter-output>
  <suite started-at="2025-05-30T01:40:39 IST" name="Suite" finished-at="2025-05-30T01:40:59 IST" duration-ms="20038">
    <groups>
      <group name="sanity">
        <method signature="TC_AccountRegistrationTest.accountRegister()[pri:0, instance:testCases.TC_AccountRegistrationTest@36902638]" name="accountRegister" class="testCases.TC_AccountRegistrationTest"/>
        <method signature="TC_AccountRegistrationTest.accountRegister()[pri:0, instance:testCases.TC_AccountRegistrationTest@3023df74]" name="accountRegister" class="testCases.TC_AccountRegistrationTest"/>
        <method signature="TC_AccountRegistrationTest.accountRegister()[pri:0, instance:testCases.TC_AccountRegistrationTest@2a65fe7c]" name="accountRegister" class="testCases.TC_AccountRegistrationTest"/>
      </group> <!-- sanity -->
    </groups>
    <test started-at="2025-05-30T01:40:39 IST" name="edgeTest" finished-at="2025-05-30T01:40:56 IST" duration-ms="17459">
      <class name="testCases.TC_AccountRegistrationTest">
        <test-method is-config="true" signature="setUp(java.lang.String)[pri:0, instance:testCases.TC_AccountRegistrationTest@3023df74]" started-at="2025-05-30T01:40:39 IST" name="setUp" finished-at="2025-05-30T01:40:49 IST" duration-ms="10081" status="PASS">
          <params>
            <param index="0">
              <value>
                <![CDATA[edge]]>
              </value>
            </param>
          </params>
          <reporter-output>
          </reporter-output>
        </test-method> <!-- setUp -->
        <test-method signature="accountRegister()[pri:0, instance:testCases.TC_AccountRegistrationTest@3023df74]" started-at="2025-05-30T01:40:49 IST" name="accountRegister" finished-at="2025-05-30T01:40:56 IST" duration-ms="6575" status="PASS">
          <reporter-output>
          </reporter-output>
        </test-method> <!-- accountRegister -->
        <test-method is-config="true" signature="logout()[pri:0, instance:testCases.TC_AccountRegistrationTest@3023df74]" started-at="2025-05-30T01:40:56 IST" name="logout" finished-at="2025-05-30T01:40:56 IST" duration-ms="764" status="PASS">
          <reporter-output>
          </reporter-output>
        </test-method> <!-- logout -->
      </class> <!-- testCases.TC_AccountRegistrationTest -->
    </test> <!-- edgeTest -->
    <test started-at="2025-05-30T01:40:39 IST" name="chromeTest" finished-at="2025-05-30T01:40:59 IST" duration-ms="19555">
      <class name="testCases.TC_AccountRegistrationTest">
        <test-method is-config="true" signature="setUp(java.lang.String)[pri:0, instance:testCases.TC_AccountRegistrationTest@36902638]" started-at="2025-05-30T01:40:39 IST" name="setUp" finished-at="2025-05-30T01:40:48 IST" duration-ms="8859" status="PASS">
          <params>
            <param index="0">
              <value>
                <![CDATA[chrome]]>
              </value>
            </param>
          </params>
          <reporter-output>
          </reporter-output>
        </test-method> <!-- setUp -->
        <test-method signature="accountRegister()[pri:0, instance:testCases.TC_AccountRegistrationTest@36902638]" started-at="2025-05-30T01:40:48 IST" name="accountRegister" finished-at="2025-05-30T01:40:58 IST" duration-ms="10170" status="PASS">
          <reporter-output>
          </reporter-output>
        </test-method> <!-- accountRegister -->
        <test-method is-config="true" signature="logout()[pri:0, instance:testCases.TC_AccountRegistrationTest@36902638]" started-at="2025-05-30T01:40:58 IST" name="logout" finished-at="2025-05-30T01:40:59 IST" duration-ms="470" status="PASS">
          <reporter-output>
          </reporter-output>
        </test-method> <!-- logout -->
      </class> <!-- testCases.TC_AccountRegistrationTest -->
    </test> <!-- chromeTest -->
    <test started-at="2025-05-30T01:40:39 IST" name="firefoxTest" finished-at="2025-05-30T01:40:59 IST" duration-ms="20038">
      <class name="testCases.TC_AccountRegistrationTest">
        <test-method is-config="true" signature="setUp(java.lang.String)[pri:0, instance:testCases.TC_AccountRegistrationTest@2a65fe7c]" started-at="2025-05-30T01:40:39 IST" name="setUp" finished-at="2025-05-30T01:40:53 IST" duration-ms="13720" status="PASS">
          <params>
            <param index="0">
              <value>
                <![CDATA[firefox]]>
              </value>
            </param>
          </params>
          <reporter-output>
          </reporter-output>
        </test-method> <!-- setUp -->
        <test-method signature="accountRegister()[pri:0, instance:testCases.TC_AccountRegistrationTest@2a65fe7c]" started-at="2025-05-30T01:40:53 IST" name="accountRegister" finished-at="2025-05-30T01:40:58 IST" duration-ms="4937" status="PASS">
          <reporter-output>
          </reporter-output>
        </test-method> <!-- accountRegister -->
        <test-method is-config="true" signature="logout()[pri:0, instance:testCases.TC_AccountRegistrationTest@2a65fe7c]" started-at="2025-05-30T01:40:58 IST" name="logout" finished-at="2025-05-30T01:40:59 IST" duration-ms="1351" status="PASS">
          <reporter-output>
          </reporter-output>
        </test-method> <!-- logout -->
      </class> <!-- testCases.TC_AccountRegistrationTest -->
    </test> <!-- firefoxTest -->
  </suite> <!-- Suite -->
</testng-results>
