<?xml version="1.0" encoding="UTF-8"?>
<testng-results ignored="0" total="3" passed="3" failed="0" skipped="0">
  <reporter-output>
  </reporter-output>
  <suite started-at="2025-05-30T00:49:31 IST" name="Suite" finished-at="2025-05-30T00:49:50 IST" duration-ms="19430">
    <groups>
      <group name="sanity">
        <method signature="TC_AccountRegistrationTest.accountRegister()[pri:0, instance:testCases.TC_AccountRegistrationTest@77c2494c]" name="accountRegister" class="testCases.TC_AccountRegistrationTest"/>
        <method signature="TC_AccountRegistrationTest.accountRegister()[pri:0, instance:testCases.TC_AccountRegistrationTest@5e5d171f]" name="accountRegister" class="testCases.TC_AccountRegistrationTest"/>
        <method signature="TC_AccountRegistrationTest.accountRegister()[pri:0, instance:testCases.TC_AccountRegistrationTest@77f1baf5]" name="accountRegister" class="testCases.TC_AccountRegistrationTest"/>
      </group> <!-- sanity -->
    </groups>
    <test started-at="2025-05-30T00:49:31 IST" name="edgeTest" finished-at="2025-05-30T00:49:50 IST" duration-ms="19157">
      <class name="testCases.TC_AccountRegistrationTest">
        <test-method is-config="true" signature="setUp(java.lang.String)[pri:0, instance:testCases.TC_AccountRegistrationTest@5e5d171f]" started-at="2025-05-30T00:49:31 IST" name="setUp" finished-at="2025-05-30T00:49:44 IST" duration-ms="12916" status="PASS">
          <params>
            <param index="0">
              <value>
                <![CDATA[edge]]>
              </value>
            </param>
          </params>
          <reporter-output>
          </reporter-output>
        </test-method> <!-- setUp -->
        <test-method signature="accountRegister()[pri:0, instance:testCases.TC_AccountRegistrationTest@5e5d171f]" started-at="2025-05-30T00:49:44 IST" name="accountRegister" finished-at="2025-05-30T00:49:50 IST" duration-ms="5739" status="PASS">
          <reporter-output>
          </reporter-output>
        </test-method> <!-- accountRegister -->
        <test-method is-config="true" signature="logout()[pri:0, instance:testCases.TC_AccountRegistrationTest@5e5d171f]" started-at="2025-05-30T00:49:50 IST" name="logout" finished-at="2025-05-30T00:49:50 IST" duration-ms="455" status="PASS">
          <reporter-output>
          </reporter-output>
        </test-method> <!-- logout -->
      </class> <!-- testCases.TC_AccountRegistrationTest -->
    </test> <!-- edgeTest -->
    <test started-at="2025-05-30T00:49:31 IST" name="firefoxTest" finished-at="2025-05-30T00:49:50 IST" duration-ms="19325">
      <class name="testCases.TC_AccountRegistrationTest">
        <test-method is-config="true" signature="setUp(java.lang.String)[pri:0, instance:testCases.TC_AccountRegistrationTest@77f1baf5]" started-at="2025-05-30T00:49:31 IST" name="setUp" finished-at="2025-05-30T00:49:43 IST" duration-ms="12519" status="PASS">
          <params>
            <param index="0">
              <value>
                <![CDATA[firefox]]>
              </value>
            </param>
          </params>
          <reporter-output>
          </reporter-output>
        </test-method> <!-- setUp -->
        <test-method signature="accountRegister()[pri:0, instance:testCases.TC_AccountRegistrationTest@77f1baf5]" started-at="2025-05-30T00:49:43 IST" name="accountRegister" finished-at="2025-05-30T00:49:48 IST" duration-ms="4495" status="PASS">
          <reporter-output>
          </reporter-output>
        </test-method> <!-- accountRegister -->
        <test-method is-config="true" signature="logout()[pri:0, instance:testCases.TC_AccountRegistrationTest@77f1baf5]" started-at="2025-05-30T00:49:48 IST" name="logout" finished-at="2025-05-30T00:49:50 IST" duration-ms="2254" status="PASS">
          <reporter-output>
          </reporter-output>
        </test-method> <!-- logout -->
      </class> <!-- testCases.TC_AccountRegistrationTest -->
    </test> <!-- firefoxTest -->
    <test started-at="2025-05-30T00:49:31 IST" name="chromeTest" finished-at="2025-05-30T00:49:50 IST" duration-ms="19430">
      <class name="testCases.TC_AccountRegistrationTest">
        <test-method is-config="true" signature="setUp(java.lang.String)[pri:0, instance:testCases.TC_AccountRegistrationTest@77c2494c]" started-at="2025-05-30T00:49:31 IST" name="setUp" finished-at="2025-05-30T00:49:41 IST" duration-ms="9960" status="PASS">
          <params>
            <param index="0">
              <value>
                <![CDATA[chrome]]>
              </value>
            </param>
          </params>
          <reporter-output>
          </reporter-output>
        </test-method> <!-- setUp -->
        <test-method signature="accountRegister()[pri:0, instance:testCases.TC_AccountRegistrationTest@77c2494c]" started-at="2025-05-30T00:49:41 IST" name="accountRegister" finished-at="2025-05-30T00:49:49 IST" duration-ms="8382" status="PASS">
          <reporter-output>
          </reporter-output>
        </test-method> <!-- accountRegister -->
        <test-method is-config="true" signature="logout()[pri:0, instance:testCases.TC_AccountRegistrationTest@77c2494c]" started-at="2025-05-30T00:49:49 IST" name="logout" finished-at="2025-05-30T00:49:50 IST" duration-ms="901" status="PASS">
          <reporter-output>
          </reporter-output>
        </test-method> <!-- logout -->
      </class> <!-- testCases.TC_AccountRegistrationTest -->
    </test> <!-- chromeTest -->
  </suite> <!-- Suite -->
</testng-results>
